Arguments: 
  C:\Program Files\nodejs\node.exe C:\Users\wendel\AppData\Roaming\npm\node_modules\yarn\bin\yarn.js add cosmjs

PATH: 
  C:\Program Files (x86)\Common Files\Oracle\Java\javapath;C:\Python39\Scripts\;C:\Python39\;C:\WINDOWS\system32;C:\WINDOWS;C:\WINDOWS\System32\Wbem;C:\WINDOWS\System32\WindowsPowerShell\v1.0\;C:\WINDOWS\System32\OpenSSH\;C:\Program Files\PuTTY\;C:\ProgramData\chocolatey\bin;C:\Program Files\nodejs\;C:\Program Files\Git\cmd;C:\Program Files\TortoiseSVN\bin;C:\Program Files\CMake\bin;C:\Users\wendel\AppData\Local\Microsoft\WindowsApps;C:\msys64\usr\bin;C:\Users\wendel\AppData\Local\Programs\Microsoft VS Code Insiders\bin;C:\Users\wendel\AppData\Roaming\npm;C:\Users\wendel\AppData\Local\Microsoft\WindowsApps;C:\msys64\mingw64\bin;;C:\Program Files\JetBrains\WebStorm 2022.1.1\bin;;C:\Users\wendel\AppData\Local\Keybase\;C:\Users\wendel\.dotnet\tools;C:\defi\bitdeep\EQUILIBRE\kava-stake\node_modules\.bin

Yarn version: 
  1.22.18

Node version: 
  16.9.1

Platform: 
  win32 x64

Trace: 
  Error: https://registry.yarnpkg.com/cosmjs: Not found
      at Request.params.callback [as _callback] (C:\Users\wendel\AppData\Roaming\npm\node_modules\yarn\lib\cli.js:66138:18)
      at Request.self.callback (C:\Users\wendel\AppData\Roaming\npm\node_modules\yarn\lib\cli.js:140883:22)
      at Request.emit (node:events:394:28)
      at Request.<anonymous> (C:\Users\wendel\AppData\Roaming\npm\node_modules\yarn\lib\cli.js:141855:10)
      at Request.emit (node:events:394:28)
      at IncomingMessage.<anonymous> (C:\Users\wendel\AppData\Roaming\npm\node_modules\yarn\lib\cli.js:141777:12)
      at Object.onceWrapper (node:events:513:28)
      at IncomingMessage.emit (node:events:406:35)
      at endReadableNT (node:internal/streams/readable:1343:12)
      at processTicksAndRejections (node:internal/process/task_queues:83:21)

npm manifest: 
  {
    "name": "kava-stake",
    "version": "1.0.0",
    "description": "",
    "main": "index.js",
    "scripts": {
      "test": "node index.js",
      "live": "nodemon --exec yarn test -e sol,js,ts"
    },
    "author": "",
    "license": "ISC",
    "dependencies": {
      "js-sha256": "^0.9.0",
      "node-fetch": "2.0"
    }
  }

yarn manifest: 
  No manifest

Lockfile: 
  # THIS IS AN AUTOGENERATED FILE. DO NOT EDIT THIS FILE DIRECTLY.
  # yarn lockfile v1
  
  
  js-sha256@^0.9.0:
    version "0.9.0"
    resolved "https://registry.yarnpkg.com/js-sha256/-/js-sha256-0.9.0.tgz#0b89ac166583e91ef9123644bd3c5334ce9d0966"
    integrity sha512-sga3MHh9sgQN2+pJ9VYZ+1LPwXOxuBJBA5nrR5/ofPfuiJBE2hnjsaN8se8JznOmGLN2p49Pe5U/ttafcs/apA==
  
  node-fetch@2.0:
    version "2.0.0"
    resolved "https://registry.yarnpkg.com/node-fetch/-/node-fetch-2.0.0.tgz#982bba43ecd4f2922a29cc186a6bbb0bb73fcba6"
    integrity sha512-bici2HCWFnAghTYMcy12WPxrEwJ5qK7GQJOTwTfyEZjyL99ECWxbYQfabZ2U1zrHMKkOBE97Z9iHIuKQfCMdzQ==
